<?xml version="1.0" encoding="UTF-8"?>
<!-- Generated by org.testng.reporters.JUnitReportReporter -->
<testsuite hostname="DESKTOP-RMQAM5S" name="org.task.amazon" tests="1" failures="0" timestamp="12 Apr 2021 11:04:08 GMT" time="3.303" errors="0">
  <testcase name="test1" time="3.303" classname="org.task.amazon"/>
</testsuite> <!-- org.task.amazon -->
